<?xml version="1.0" encoding="UTF-8"?>
<!-- Generated by org.testng.reporters.JUnitReportReporter -->
<testsuite skipped="0" hostname="Sriram-HP" name="TestNG" tests="5" failures="0" timestamp="21 Feb 2019 04:10:17 GMT" time="15.299" errors="0">
  <testcase name="validateCheckBox" time="4.994" classname="TestNG"/>
  <testcase name="homepageTitle" time="2.736" classname="TestNG"/>
  <testcase name="imageDisplayed" time="1.220" classname="TestNG"/>
  <testcase name="navigateInfo" time="3.359" classname="TestNG"/>
  <testcase name="navigateContact" time="2.990" classname="TestNG"/>
</testsuite> <!-- TestNG -->
