<?xml version="1.0" encoding="UTF-8"?>
<!-- Generated by org.testng.reporters.JUnitReportReporter -->
<testsuite skipped="0" hostname="Sriram-HP" name="Contactpage" tests="2" failures="0" timestamp="21 Feb 2019 03:44:09 GMT" time="4.215" errors="0">
  <testcase name="imageDisplayed" time="0.155" classname="Contactpage"/>
  <testcase name="ReadData" time="4.060" classname="Contactpage"/>
</testsuite> <!-- Contactpage -->
